<?xml version="1.0" encoding="UTF-8"?>
<testsuite name="com.example.myfridge.ExampleUnitTest" tests="1" skipped="0" failures="0" errors="0" timestamp="2023-01-27T11:40:56" hostname="DESKTOP-G30PLF4" time="0.003">
  <properties/>
  <testcase name="addition_isCorrect" classname="com.example.myfridge.ExampleUnitTest" time="0.003"/>
  <system-out><![CDATA[]]></system-out>
  <system-err><![CDATA[]]></system-err>
</testsuite>
